<?xml version="1.0" encoding="UTF-8"?>
<testng-results ignored="0" total="0" passed="0" failed="0" skipped="0">
  <reporter-output>
  </reporter-output>
  <suite started-at="2023-11-06T22:50:54 EET" name="runners.TestRunner" finished-at="2023-11-06T22:50:54 EET" duration-ms="30">
    <groups>
    </groups>
    <test started-at="2023-11-06T22:50:54 EET" name="Command line test" finished-at="2023-11-06T22:50:54 EET" duration-ms="30">
    </test> <!-- Command line test -->
  </suite> <!-- runners.TestRunner -->
</testng-results>
